# JRE version: Java(TM) SE Runtime Environment 18.9 (11.0.12+8) (build 11.0.12+8-LTS-237)
# Java VM: Java HotSpot(TM) 64-Bit Server VM 18.9 (11.0.12+8-LTS-237, mixed mode, tiered, compressed oops, g1 gc, windows-amd64)
Heap:
 garbage-first heap   total 236544K, used 144591K [0x0000000741600000, 0x0000000800000000)
  region size 1024K, 129 young (132096K), 11 survivors (11264K)
 Metaspace       used 71261K, capacity 73096K, committed 73216K, reserved 1112064K
  class space    used 8958K, capacity 9674K, committed 9728K, reserved 1048576K
GC Heap History (10 events):
Event: 4.277 GC heap before
{Heap before GC invocations=5 (full 0):
 garbage-first heap   total 196608K, used 50805K [0x0000000741600000, 0x0000000800000000)
  region size 1024K, 43 young (44032K), 3 survivors (3072K)
 Metaspace       used 24884K, capacity 25497K, committed 25600K, reserved 1071104K
  class space    used 2757K, capacity 3002K, committed 3072K, reserved 1048576K
}
Event: 4.284 GC heap after
{Heap after GC invocations=6 (full 0):
 garbage-first heap   total 196608K, used 11403K [0x0000000741600000, 0x0000000800000000)
  region size 1024K, 4 young (4096K), 4 survivors (4096K)
 Metaspace       used 24884K, capacity 25497K, committed 25600K, reserved 1071104K
  class space    used 2757K, capacity 3002K, committed 3072K, reserved 1048576K
}
Event: 5.471 GC heap before
{Heap before GC invocations=6 (full 0):
 garbage-first heap   total 196608K, used 83083K [0x0000000741600000, 0x0000000800000000)
  region size 1024K, 75 young (76800K), 4 survivors (4096K)
 Metaspace       used 27011K, capacity 27652K, committed 27904K, reserved 1073152K
  class space    used 3001K, capacity 3274K, committed 3328K, reserved 1048576K
}
Event: 5.481 GC heap after
{Heap after GC invocations=7 (full 0):
 garbage-first heap   total 196608K, used 13289K [0x0000000741600000, 0x0000000800000000)
  region size 1024K, 6 young (6144K), 6 survivors (6144K)
 Metaspace       used 27011K, capacity 27652K, committed 27904K, reserved 1073152K
  class space    used 3001K, capacity 3274K, committed 3328K, reserved 1048576K
}
Event: 7.883 GC heap before
{Heap before GC invocations=7 (full 0):
 garbage-first heap   total 196608K, used 84969K [0x0000000741600000, 0x0000000800000000)
  region size 1024K, 77 young (78848K), 6 survivors (6144K)
 Metaspace       used 34714K, capacity 35702K, committed 35840K, reserved 1081344K
  class space    used 4086K, capacity 4487K, committed 4608K, reserved 1048576K
}
Event: 7.897 GC heap after
{Heap after GC invocations=8 (full 0):
 garbage-first heap   total 196608K, used 16502K [0x0000000741600000, 0x0000000800000000)
  region size 1024K, 9 young (9216K), 9 survivors (9216K)
 Metaspace       used 34714K, capacity 35702K, committed 35840K, reserved 1081344K
  class space    used 4086K, capacity 4487K, committed 4608K, reserved 1048576K
}
Event: 10.403 GC heap before
{Heap before GC invocations=9 (full 0):
 garbage-first heap   total 196608K, used 111734K [0x0000000741600000, 0x0000000800000000)
  region size 1024K, 101 young (103424K), 9 survivors (9216K)
 Metaspace       used 44344K, capacity 45482K, committed 45568K, reserved 1089536K
  class space    used 5184K, capacity 5632K, committed 5632K, reserved 1048576K
}
Event: 10.421 GC heap after
{Heap after GC invocations=10 (full 0):
 garbage-first heap   total 196608K, used 21467K [0x0000000741600000, 0x0000000800000000)
  region size 1024K, 9 young (9216K), 9 survivors (9216K)
 Metaspace       used 44344K, capacity 45482K, committed 45568K, reserved 1089536K
  class space    used 5184K, capacity 5632K, committed 5632K, reserved 1048576K
}
Event: 13.482 GC heap before
{Heap before GC invocations=10 (full 0):
 garbage-first heap   total 196608K, used 118747K [0x0000000741600000, 0x0000000800000000)
  region size 1024K, 105 young (107520K), 9 survivors (9216K)
 Metaspace       used 58779K, capacity 59984K, committed 60160K, reserved 1101824K
  class space    used 7328K, capacity 7815K, committed 7936K, reserved 1048576K
}
Event: 13.503 GC heap after
{Heap after GC invocations=11 (full 0):
 garbage-first heap   total 236544K, used 24783K [0x0000000741600000, 0x0000000800000000)
  region size 1024K, 11 young (11264K), 11 survivors (11264K)
 Metaspace       used 58779K, capacity 59984K, committed 60160K, reserved 1101824K
  class space    used 7328K, capacity 7815K, committed 7936K, reserved 1048576K
}

