# JRE version: Java(TM) SE Runtime Environment 18.9 (11.0.12+8) (build 11.0.12+8-LTS-237)
# Java VM: Java HotSpot(TM) 64-Bit Server VM 18.9 (11.0.12+8-LTS-237, mixed mode, tiered, compressed oops, g1 gc, windows-amd64)
Heap:
 garbage-first heap   total 236544K, used 101649K [0x0000000741600000, 0x0000000800000000)
  region size 1024K, 90 young (92160K), 12 survivors (12288K)
 Metaspace       used 67901K, capacity 69595K, committed 69796K, reserved 1110016K
  class space    used 8491K, capacity 9158K, committed 9292K, reserved 1048576K
GC Heap History (10 events):
Event: 3.084 GC heap before
{Heap before GC invocations=5 (full 0):
 garbage-first heap   total 196608K, used 49359K [0x0000000741600000, 0x0000000800000000)
  region size 1024K, 43 young (44032K), 3 survivors (3072K)
 Metaspace       used 24443K, capacity 25054K, committed 25264K, reserved 1071104K
  class space    used 2731K, capacity 2968K, committed 3072K, reserved 1048576K
}
Event: 3.090 GC heap after
{Heap after GC invocations=6 (full 0):
 garbage-first heap   total 196608K, used 10410K [0x0000000741600000, 0x0000000800000000)
  region size 1024K, 4 young (4096K), 4 survivors (4096K)
 Metaspace       used 24443K, capacity 25054K, committed 25264K, reserved 1071104K
  class space    used 2731K, capacity 2968K, committed 3072K, reserved 1048576K
}
Event: 5.122 GC heap before
{Heap before GC invocations=6 (full 0):
 garbage-first heap   total 196608K, used 76970K [0x0000000741600000, 0x0000000800000000)
  region size 1024K, 70 young (71680K), 4 survivors (4096K)
 Metaspace       used 30101K, capacity 30865K, committed 31152K, reserved 1077248K
  class space    used 3427K, capacity 3724K, committed 3840K, reserved 1048576K
}
Event: 5.131 GC heap after
{Heap after GC invocations=7 (full 0):
 garbage-first heap   total 196608K, used 12768K [0x0000000741600000, 0x0000000800000000)
  region size 1024K, 6 young (6144K), 6 survivors (6144K)
 Metaspace       used 30101K, capacity 30865K, committed 31152K, reserved 1077248K
  class space    used 3427K, capacity 3724K, committed 3840K, reserved 1048576K
}
Event: 6.607 GC heap before
{Heap before GC invocations=7 (full 0):
 garbage-first heap   total 196608K, used 40416K [0x0000000741600000, 0x0000000800000000)
  region size 1024K, 34 young (34816K), 6 survivors (6144K)
 Metaspace       used 34573K, capacity 35597K, committed 35708K, reserved 1081344K
  class space    used 4036K, capacity 4483K, committed 4556K, reserved 1048576K
}
Event: 6.619 GC heap after
{Heap after GC invocations=8 (full 0):
 garbage-first heap   total 236544K, used 15333K [0x0000000741600000, 0x0000000800000000)
  region size 1024K, 9 young (9216K), 9 survivors (9216K)
 Metaspace       used 34573K, capacity 35597K, committed 35708K, reserved 1081344K
  class space    used 4036K, capacity 4483K, committed 4556K, reserved 1048576K
}
Event: 8.198 GC heap before
{Heap before GC invocations=9 (full 0):
 garbage-first heap   total 236544K, used 112613K [0x0000000741600000, 0x0000000800000000)
  region size 1024K, 103 young (105472K), 9 survivors (9216K)
 Metaspace       used 44355K, capacity 45393K, committed 45692K, reserved 1089536K
  class space    used 5281K, capacity 5719K, committed 5836K, reserved 1048576K
}
Event: 8.212 GC heap after
{Heap after GC invocations=10 (full 0):
 garbage-first heap   total 236544K, used 19681K [0x0000000741600000, 0x0000000800000000)
  region size 1024K, 9 young (9216K), 9 survivors (9216K)
 Metaspace       used 44355K, capacity 45393K, committed 45692K, reserved 1089536K
  class space    used 5281K, capacity 5719K, committed 5836K, reserved 1048576K
}
Event: 10.588 GC heap before
{Heap before GC invocations=10 (full 0):
 garbage-first heap   total 236544K, used 110817K [0x0000000741600000, 0x0000000800000000)
  region size 1024K, 99 young (101376K), 9 survivors (9216K)
 Metaspace       used 58491K, capacity 59836K, committed 59940K, reserved 1101824K
  class space    used 7297K, capacity 7824K, committed 7884K, reserved 1048576K
}
Event: 10.604 GC heap after
{Heap after GC invocations=11 (full 0):
 garbage-first heap   total 236544K, used 22801K [0x0000000741600000, 0x0000000800000000)
  region size 1024K, 12 young (12288K), 12 survivors (12288K)
 Metaspace       used 58491K, capacity 59836K, committed 59940K, reserved 1101824K
  class space    used 7297K, capacity 7824K, committed 7884K, reserved 1048576K
}

